<?xml version="1.0" encoding="UTF-8"?>
<!-- Generated by org.testng.reporters.JUnitReportReporter -->
<testsuite hostname="shailendra" failures="0" tests="1" name="mixhubbprograms.EmailSendMultiple" time="18.273" errors="0" timestamp="2023-01-03T12:37:19 IST" skipped="0">
  <testcase classname="mixhubbprograms.EmailSendMultiple" name="login" time="18.273"/>
  <system-out/>
</testsuite> <!-- mixhubbprograms.EmailSendMultiple -->
