<?xml version="1.0" encoding="UTF-8"?>
<!-- Generated by org.testng.reporters.JUnitReportReporter -->
<testsuite hostname="shailendra" failures="0" tests="1" name="mixhubbprograms.EmailSendMultiple" time="17.928" errors="0" timestamp="2023-01-09T13:32:31 IST" skipped="0">
  <testcase classname="mixhubbprograms.EmailSendMultiple" name="login" time="17.928"/>
  <system-out/>
</testsuite> <!-- mixhubbprograms.EmailSendMultiple -->
